<?xml version="1.0" encoding="UTF-8"?>
<!-- Generated by org.testng.reporters.JUnitXMLReporter -->
<testsuite ignored="0" hostname="LAPTOP-5OHLK4IV" failures="0" tests="5" name="Default test" time="23.161" errors="0" timestamp="2023-10-12T23:48:36 IST">
  <testcase classname="com.redbusdemo.qa.TestPages.Homepagetest" name="testTitle" time="0.012"/>
  <testcase classname="com.redbusdemo.qa.TestPages.Homepagetest" name="testsource" time="0.08"/>
  <testcase classname="com.redbusdemo.qa.TestPages.Homepagetest" name="testdestination" time="0.13"/>
  <testcase classname="com.redbusdemo.qa.TestPages.Homepagetest" name="testdate" time="0.149"/>
  <testcase classname="com.redbusdemo.qa.TestPages.Homepagetest" name="testsearch" time="0.05"/>
</testsuite> <!-- Default test -->
