<?xml version="1.0" encoding="UTF-8"?>
<testng-results ignored="0" total="5" passed="5" failed="0" skipped="0">
  <reporter-output>
  </reporter-output>
  <suite started-at="2023-10-12T23:48:13 IST" name="Default suite" finished-at="2023-10-12T23:48:36 IST" duration-ms="23161">
    <groups>
    </groups>
    <test started-at="2023-10-12T23:48:13 IST" name="Default test" finished-at="2023-10-12T23:48:36 IST" duration-ms="23161">
      <class name="com.redbusdemo.qa.TestPages.Homepagetest">
        <test-method is-config="true" signature="InitalizeExtentReport()[pri:0, instance:com.redbusdemo.qa.TestPages.Homepagetest@413d1baf]" started-at="2023-10-12T23:48:13 IST" name="InitalizeExtentReport" finished-at="2023-10-12T23:48:13 IST" duration-ms="228" status="PASS">
          <reporter-output>
          </reporter-output>
        </test-method> <!-- InitalizeExtentReport -->
        <test-method is-config="true" signature="getnameMethod(org.testng.ITestContext)[pri:0, instance:com.redbusdemo.qa.TestPages.Homepagetest@413d1baf]" started-at="2023-10-12T23:48:13 IST" name="getnameMethod" finished-at="2023-10-12T23:48:13 IST" duration-ms="7" status="PASS">
          <params>
            <param index="0">
              <value>
                <![CDATA[org.testng.TestRunner@77d381e6]]>
              </value>
            </param>
          </params>
          <reporter-output>
          </reporter-output>
        </test-method> <!-- getnameMethod -->
        <test-method is-config="true" signature="OpenApp()[pri:0, instance:com.redbusdemo.qa.TestPages.Homepagetest@413d1baf]" started-at="2023-10-12T23:48:13 IST" name="OpenApp" finished-at="2023-10-12T23:48:19 IST" duration-ms="6363" status="PASS">
          <reporter-output>
          </reporter-output>
        </test-method> <!-- OpenApp -->
        <test-method signature="testTitle()[pri:49, instance:com.redbusdemo.qa.TestPages.Homepagetest@413d1baf]" started-at="2023-10-12T23:48:19 IST" name="testTitle" finished-at="2023-10-12T23:48:19 IST" duration-ms="12" status="PASS">
          <reporter-output>
          </reporter-output>
        </test-method> <!-- testTitle -->
        <test-method is-config="true" signature="CloseApp()[pri:0, instance:com.redbusdemo.qa.TestPages.Homepagetest@413d1baf]" started-at="2023-10-12T23:48:19 IST" name="CloseApp" finished-at="2023-10-12T23:48:20 IST" duration-ms="253" status="PASS">
          <reporter-output>
          </reporter-output>
        </test-method> <!-- CloseApp -->
        <test-method is-config="true" signature="generateTestStatus(java.lang.reflect.Method,org.testng.ITestResult)[pri:0, instance:com.redbusdemo.qa.TestPages.Homepagetest@413d1baf]" started-at="2023-10-12T23:48:20 IST" name="generateTestStatus" finished-at="2023-10-12T23:48:20 IST" duration-ms="2" status="PASS">
          <params>
            <param index="0">
              <value>
                <![CDATA[public void com.redbusdemo.qa.TestPages.Homepagetest.testTitle()]]>
              </value>
            </param>
            <param index="1">
              <value>
                <![CDATA[[TestResult name=testTitle status=SUCCESS method=Homepagetest.testTitle()[pri:49, instance:com.redbusdemo.qa.TestPages.Homepagetest@413d1baf] output={null}]]]>
              </value>
            </param>
          </params>
          <reporter-output>
          </reporter-output>
        </test-method> <!-- generateTestStatus -->
        <test-method is-config="true" signature="OpenApp()[pri:0, instance:com.redbusdemo.qa.TestPages.Homepagetest@413d1baf]" started-at="2023-10-12T23:48:20 IST" name="OpenApp" finished-at="2023-10-12T23:48:24 IST" duration-ms="3947" status="PASS">
          <reporter-output>
          </reporter-output>
        </test-method> <!-- OpenApp -->
        <test-method signature="testsource()[pri:50, instance:com.redbusdemo.qa.TestPages.Homepagetest@413d1baf]" started-at="2023-10-12T23:48:24 IST" name="testsource" finished-at="2023-10-12T23:48:24 IST" duration-ms="80" status="PASS">
          <reporter-output>
          </reporter-output>
        </test-method> <!-- testsource -->
        <test-method is-config="true" signature="CloseApp()[pri:0, instance:com.redbusdemo.qa.TestPages.Homepagetest@413d1baf]" started-at="2023-10-12T23:48:24 IST" name="CloseApp" finished-at="2023-10-12T23:48:24 IST" duration-ms="197" status="PASS">
          <reporter-output>
          </reporter-output>
        </test-method> <!-- CloseApp -->
        <test-method is-config="true" signature="generateTestStatus(java.lang.reflect.Method,org.testng.ITestResult)[pri:0, instance:com.redbusdemo.qa.TestPages.Homepagetest@413d1baf]" started-at="2023-10-12T23:48:24 IST" name="generateTestStatus" finished-at="2023-10-12T23:48:24 IST" duration-ms="0" status="PASS">
          <params>
            <param index="0">
              <value>
                <![CDATA[public void com.redbusdemo.qa.TestPages.Homepagetest.testsource()]]>
              </value>
            </param>
            <param index="1">
              <value>
                <![CDATA[[TestResult name=testsource status=SUCCESS method=Homepagetest.testsource()[pri:50, instance:com.redbusdemo.qa.TestPages.Homepagetest@413d1baf] output={null}]]]>
              </value>
            </param>
          </params>
          <reporter-output>
          </reporter-output>
        </test-method> <!-- generateTestStatus -->
        <test-method is-config="true" signature="OpenApp()[pri:0, instance:com.redbusdemo.qa.TestPages.Homepagetest@413d1baf]" started-at="2023-10-12T23:48:24 IST" name="OpenApp" finished-at="2023-10-12T23:48:28 IST" duration-ms="3888" status="PASS">
          <reporter-output>
          </reporter-output>
        </test-method> <!-- OpenApp -->
        <test-method signature="testdestination()[pri:51, instance:com.redbusdemo.qa.TestPages.Homepagetest@413d1baf]" started-at="2023-10-12T23:48:28 IST" name="testdestination" finished-at="2023-10-12T23:48:28 IST" duration-ms="130" status="PASS">
          <reporter-output>
          </reporter-output>
        </test-method> <!-- testdestination -->
        <test-method is-config="true" signature="CloseApp()[pri:0, instance:com.redbusdemo.qa.TestPages.Homepagetest@413d1baf]" started-at="2023-10-12T23:48:28 IST" name="CloseApp" finished-at="2023-10-12T23:48:28 IST" duration-ms="193" status="PASS">
          <reporter-output>
          </reporter-output>
        </test-method> <!-- CloseApp -->
        <test-method is-config="true" signature="generateTestStatus(java.lang.reflect.Method,org.testng.ITestResult)[pri:0, instance:com.redbusdemo.qa.TestPages.Homepagetest@413d1baf]" started-at="2023-10-12T23:48:28 IST" name="generateTestStatus" finished-at="2023-10-12T23:48:28 IST" duration-ms="0" status="PASS">
          <params>
            <param index="0">
              <value>
                <![CDATA[public void com.redbusdemo.qa.TestPages.Homepagetest.testdestination()]]>
              </value>
            </param>
            <param index="1">
              <value>
                <![CDATA[[TestResult name=testdestination status=SUCCESS method=Homepagetest.testdestination()[pri:51, instance:com.redbusdemo.qa.TestPages.Homepagetest@413d1baf] output={null}]]]>
              </value>
            </param>
          </params>
          <reporter-output>
          </reporter-output>
        </test-method> <!-- generateTestStatus -->
        <test-method is-config="true" signature="OpenApp()[pri:0, instance:com.redbusdemo.qa.TestPages.Homepagetest@413d1baf]" started-at="2023-10-12T23:48:28 IST" name="OpenApp" finished-at="2023-10-12T23:48:32 IST" duration-ms="3895" status="PASS">
          <reporter-output>
          </reporter-output>
        </test-method> <!-- OpenApp -->
        <test-method signature="testdate()[pri:52, instance:com.redbusdemo.qa.TestPages.Homepagetest@413d1baf]" started-at="2023-10-12T23:48:32 IST" name="testdate" finished-at="2023-10-12T23:48:32 IST" duration-ms="149" status="PASS">
          <reporter-output>
          </reporter-output>
        </test-method> <!-- testdate -->
        <test-method is-config="true" signature="CloseApp()[pri:0, instance:com.redbusdemo.qa.TestPages.Homepagetest@413d1baf]" started-at="2023-10-12T23:48:32 IST" name="CloseApp" finished-at="2023-10-12T23:48:32 IST" duration-ms="185" status="PASS">
          <reporter-output>
          </reporter-output>
        </test-method> <!-- CloseApp -->
        <test-method is-config="true" signature="generateTestStatus(java.lang.reflect.Method,org.testng.ITestResult)[pri:0, instance:com.redbusdemo.qa.TestPages.Homepagetest@413d1baf]" started-at="2023-10-12T23:48:32 IST" name="generateTestStatus" finished-at="2023-10-12T23:48:32 IST" duration-ms="0" status="PASS">
          <params>
            <param index="0">
              <value>
                <![CDATA[public void com.redbusdemo.qa.TestPages.Homepagetest.testdate() throws java.lang.InterruptedException]]>
              </value>
            </param>
            <param index="1">
              <value>
                <![CDATA[[TestResult name=testdate status=SUCCESS method=Homepagetest.testdate()[pri:52, instance:com.redbusdemo.qa.TestPages.Homepagetest@413d1baf] output={null}]]]>
              </value>
            </param>
          </params>
          <reporter-output>
          </reporter-output>
        </test-method> <!-- generateTestStatus -->
        <test-method is-config="true" signature="OpenApp()[pri:0, instance:com.redbusdemo.qa.TestPages.Homepagetest@413d1baf]" started-at="2023-10-12T23:48:32 IST" name="OpenApp" finished-at="2023-10-12T23:48:36 IST" duration-ms="3580" status="PASS">
          <reporter-output>
          </reporter-output>
        </test-method> <!-- OpenApp -->
        <test-method signature="testsearch()[pri:53, instance:com.redbusdemo.qa.TestPages.Homepagetest@413d1baf]" started-at="2023-10-12T23:48:36 IST" name="testsearch" finished-at="2023-10-12T23:48:36 IST" duration-ms="50" status="PASS">
          <reporter-output>
          </reporter-output>
        </test-method> <!-- testsearch -->
        <test-method is-config="true" signature="CloseApp()[pri:0, instance:com.redbusdemo.qa.TestPages.Homepagetest@413d1baf]" started-at="2023-10-12T23:48:36 IST" name="CloseApp" finished-at="2023-10-12T23:48:36 IST" duration-ms="190" status="PASS">
          <reporter-output>
          </reporter-output>
        </test-method> <!-- CloseApp -->
        <test-method is-config="true" signature="generateTestStatus(java.lang.reflect.Method,org.testng.ITestResult)[pri:0, instance:com.redbusdemo.qa.TestPages.Homepagetest@413d1baf]" started-at="2023-10-12T23:48:36 IST" name="generateTestStatus" finished-at="2023-10-12T23:48:36 IST" duration-ms="1" status="PASS">
          <params>
            <param index="0">
              <value>
                <![CDATA[public void com.redbusdemo.qa.TestPages.Homepagetest.testsearch()]]>
              </value>
            </param>
            <param index="1">
              <value>
                <![CDATA[[TestResult name=testsearch status=SUCCESS method=Homepagetest.testsearch()[pri:53, instance:com.redbusdemo.qa.TestPages.Homepagetest@413d1baf] output={null}]]]>
              </value>
            </param>
          </params>
          <reporter-output>
          </reporter-output>
        </test-method> <!-- generateTestStatus -->
        <test-method is-config="true" signature="generateReports()[pri:0, instance:com.redbusdemo.qa.TestPages.Homepagetest@413d1baf]" started-at="2023-10-12T23:48:36 IST" name="generateReports" finished-at="2023-10-12T23:48:37 IST" duration-ms="616" status="PASS">
          <reporter-output>
          </reporter-output>
        </test-method> <!-- generateReports -->
      </class> <!-- com.redbusdemo.qa.TestPages.Homepagetest -->
    </test> <!-- Default test -->
  </suite> <!-- Default suite -->
</testng-results>
